<?xml version="1.0" encoding="UTF-8"?>
<testsuite xmlns:xsi="http://www.w3.org/2001/XMLSchema-instance" xsi:noNamespaceSchemaLocation="https://maven.apache.org/surefire/maven-surefire-plugin/xsd/surefire-test-report.xsd" name="com.imooc.demo.service.BigDecimalTest" time="0" tests="1" errors="0" skipped="0" failures="0">
  <properties>
    <property name="sun.desktop" value="windows"/>
    <property name="awt.toolkit" value="sun.awt.windows.WToolkit"/>
    <property name="file.encoding.pkg" value="sun.io"/>
    <property name="java.specification.version" value="1.8"/>
    <property name="sun.cpu.isalist" value="amd64"/>
    <property name="sun.jnu.encoding" value="GBK"/>
    <property name="java.class.path" value="D:\Work\market\target\test-classes;D:\Work\market\target\classes;E:\Maven\ideaMaven\javax\servlet\jstl\1.2\jstl-1.2.jar;E:\Maven\ideaMaven\org\springframework\boot\spring-boot-starter-tomcat\2.1.7.RELEASE\spring-boot-starter-tomcat-2.1.7.RELEASE.jar;E:\Maven\ideaMaven\javax\annotation\javax.annotation-api\1.3.2\javax.annotation-api-1.3.2.jar;E:\Maven\ideaMaven\org\apache\tomcat\embed\tomcat-embed-core\9.0.22\tomcat-embed-core-9.0.22.jar;E:\Maven\ideaMaven\org\apache\tomcat\embed\tomcat-embed-el\9.0.22\tomcat-embed-el-9.0.22.jar;E:\Maven\ideaMaven\org\apache\tomcat\embed\tomcat-embed-websocket\9.0.22\tomcat-embed-websocket-9.0.22.jar;E:\Maven\ideaMaven\org\apache\tomcat\embed\tomcat-embed-jasper\9.0.22\tomcat-embed-jasper-9.0.22.jar;E:\Maven\ideaMaven\org\eclipse\jdt\ecj\3.18.0\ecj-3.18.0.jar;E:\Maven\ideaMaven\org\springframework\boot\spring-boot-starter-web\2.1.7.RELEASE\spring-boot-starter-web-2.1.7.RELEASE.jar;E:\Maven\ideaMaven\org\springframework\boot\spring-boot-starter\2.1.7.RELEASE\spring-boot-starter-2.1.7.RELEASE.jar;E:\Maven\ideaMaven\org\springframework\boot\spring-boot\2.1.7.RELEASE\spring-boot-2.1.7.RELEASE.jar;E:\Maven\ideaMaven\org\springframework\boot\spring-boot-autoconfigure\2.1.7.RELEASE\spring-boot-autoconfigure-2.1.7.RELEASE.jar;E:\Maven\ideaMaven\org\springframework\boot\spring-boot-starter-logging\2.1.7.RELEASE\spring-boot-starter-logging-2.1.7.RELEASE.jar;E:\Maven\ideaMaven\ch\qos\logback\logback-classic\1.2.3\logback-classic-1.2.3.jar;E:\Maven\ideaMaven\ch\qos\logback\logback-core\1.2.3\logback-core-1.2.3.jar;E:\Maven\ideaMaven\org\apache\logging\log4j\log4j-to-slf4j\2.11.2\log4j-to-slf4j-2.11.2.jar;E:\Maven\ideaMaven\org\apache\logging\log4j\log4j-api\2.11.2\log4j-api-2.11.2.jar;E:\Maven\ideaMaven\org\slf4j\jul-to-slf4j\1.7.26\jul-to-slf4j-1.7.26.jar;E:\Maven\ideaMaven\org\yaml\snakeyaml\1.23\snakeyaml-1.23.jar;E:\Maven\ideaMaven\org\springframework\boot\spring-boot-starter-json\2.1.7.RELEASE\spring-boot-starter-json-2.1.7.RELEASE.jar;E:\Maven\ideaMaven\com\fasterxml\jackson\datatype\jackson-datatype-jdk8\2.9.9\jackson-datatype-jdk8-2.9.9.jar;E:\Maven\ideaMaven\com\fasterxml\jackson\datatype\jackson-datatype-jsr310\2.9.9\jackson-datatype-jsr310-2.9.9.jar;E:\Maven\ideaMaven\com\fasterxml\jackson\module\jackson-module-parameter-names\2.9.9\jackson-module-parameter-names-2.9.9.jar;E:\Maven\ideaMaven\org\hibernate\validator\hibernate-validator\6.0.17.Final\hibernate-validator-6.0.17.Final.jar;E:\Maven\ideaMaven\javax\validation\validation-api\2.0.1.Final\validation-api-2.0.1.Final.jar;E:\Maven\ideaMaven\org\jboss\logging\jboss-logging\3.3.2.Final\jboss-logging-3.3.2.Final.jar;E:\Maven\ideaMaven\com\fasterxml\classmate\1.4.0\classmate-1.4.0.jar;E:\Maven\ideaMaven\org\springframework\spring-web\5.1.9.RELEASE\spring-web-5.1.9.RELEASE.jar;E:\Maven\ideaMaven\org\springframework\spring-beans\5.1.9.RELEASE\spring-beans-5.1.9.RELEASE.jar;E:\Maven\ideaMaven\org\springframework\spring-webmvc\5.1.9.RELEASE\spring-webmvc-5.1.9.RELEASE.jar;E:\Maven\ideaMaven\org\springframework\spring-aop\5.1.9.RELEASE\spring-aop-5.1.9.RELEASE.jar;E:\Maven\ideaMaven\org\springframework\spring-context\5.1.9.RELEASE\spring-context-5.1.9.RELEASE.jar;E:\Maven\ideaMaven\org\springframework\spring-expression\5.1.9.RELEASE\spring-expression-5.1.9.RELEASE.jar;E:\Maven\ideaMaven\org\springframework\boot\spring-boot-starter-test\2.1.7.RELEASE\spring-boot-starter-test-2.1.7.RELEASE.jar;E:\Maven\ideaMaven\org\springframework\boot\spring-boot-test\2.1.7.RELEASE\spring-boot-test-2.1.7.RELEASE.jar;E:\Maven\ideaMaven\org\springframework\boot\spring-boot-test-autoconfigure\2.1.7.RELEASE\spring-boot-test-autoconfigure-2.1.7.RELEASE.jar;E:\Maven\ideaMaven\com\jayway\jsonpath\json-path\2.4.0\json-path-2.4.0.jar;E:\Maven\ideaMaven\net\minidev\json-smart\2.3\json-smart-2.3.jar;E:\Maven\ideaMaven\net\minidev\accessors-smart\1.2\accessors-smart-1.2.jar;E:\Maven\ideaMaven\org\ow2\asm\asm\5.0.4\asm-5.0.4.jar;E:\Maven\ideaMaven\junit\junit\4.12\junit-4.12.jar;E:\Maven\ideaMaven\org\assertj\assertj-core\3.11.1\assertj-core-3.11.1.jar;E:\Maven\ideaMaven\org\mockito\mockito-core\2.23.4\mockito-core-2.23.4.jar;E:\Maven\ideaMaven\net\bytebuddy\byte-buddy\1.9.16\byte-buddy-1.9.16.jar;E:\Maven\ideaMaven\net\bytebuddy\byte-buddy-agent\1.9.16\byte-buddy-agent-1.9.16.jar;E:\Maven\ideaMaven\org\objenesis\objenesis\2.6\objenesis-2.6.jar;E:\Maven\ideaMaven\org\hamcrest\hamcrest-core\1.3\hamcrest-core-1.3.jar;E:\Maven\ideaMaven\org\hamcrest\hamcrest-library\1.3\hamcrest-library-1.3.jar;E:\Maven\ideaMaven\org\skyscreamer\jsonassert\1.5.0\jsonassert-1.5.0.jar;E:\Maven\ideaMaven\com\vaadin\external\google\android-json\0.0.20131108.vaadin1\android-json-0.0.20131108.vaadin1.jar;E:\Maven\ideaMaven\org\springframework\spring-core\5.1.9.RELEASE\spring-core-5.1.9.RELEASE.jar;E:\Maven\ideaMaven\org\springframework\spring-jcl\5.1.9.RELEASE\spring-jcl-5.1.9.RELEASE.jar;E:\Maven\ideaMaven\org\springframework\spring-test\5.1.9.RELEASE\spring-test-5.1.9.RELEASE.jar;E:\Maven\ideaMaven\org\xmlunit\xmlunit-core\2.6.3\xmlunit-core-2.6.3.jar;E:\Maven\ideaMaven\org\springframework\boot\spring-boot-starter-thymeleaf\2.1.7.RELEASE\spring-boot-starter-thymeleaf-2.1.7.RELEASE.jar;E:\Maven\ideaMaven\org\thymeleaf\thymeleaf-spring5\3.0.11.RELEASE\thymeleaf-spring5-3.0.11.RELEASE.jar;E:\Maven\ideaMaven\org\thymeleaf\thymeleaf\3.0.11.RELEASE\thymeleaf-3.0.11.RELEASE.jar;E:\Maven\ideaMaven\org\attoparser\attoparser\2.0.5.RELEASE\attoparser-2.0.5.RELEASE.jar;E:\Maven\ideaMaven\org\unbescape\unbescape\1.1.6.RELEASE\unbescape-1.1.6.RELEASE.jar;E:\Maven\ideaMaven\org\thymeleaf\extras\thymeleaf-extras-java8time\3.0.4.RELEASE\thymeleaf-extras-java8time-3.0.4.RELEASE.jar;E:\Maven\ideaMaven\mysql\mysql-connector-java\8.0.17\mysql-connector-java-8.0.17.jar;E:\Maven\ideaMaven\org\mybatis\spring\boot\mybatis-spring-boot-starter\2.1.0\mybatis-spring-boot-starter-2.1.0.jar;E:\Maven\ideaMaven\org\springframework\boot\spring-boot-starter-jdbc\2.1.7.RELEASE\spring-boot-starter-jdbc-2.1.7.RELEASE.jar;E:\Maven\ideaMaven\com\zaxxer\HikariCP\3.2.0\HikariCP-3.2.0.jar;E:\Maven\ideaMaven\org\springframework\spring-jdbc\5.1.9.RELEASE\spring-jdbc-5.1.9.RELEASE.jar;E:\Maven\ideaMaven\org\mybatis\spring\boot\mybatis-spring-boot-autoconfigure\2.1.0\mybatis-spring-boot-autoconfigure-2.1.0.jar;E:\Maven\ideaMaven\org\mybatis\mybatis\3.5.2\mybatis-3.5.2.jar;E:\Maven\ideaMaven\org\mybatis\mybatis-spring\2.0.2\mybatis-spring-2.0.2.jar;E:\Maven\ideaMaven\org\projectlombok\lombok\1.18.8\lombok-1.18.8.jar;E:\Maven\ideaMaven\com\github\pagehelper\pagehelper-spring-boot-starter\1.2.13\pagehelper-spring-boot-starter-1.2.13.jar;E:\Maven\ideaMaven\com\github\pagehelper\pagehelper-spring-boot-autoconfigure\1.2.13\pagehelper-spring-boot-autoconfigure-1.2.13.jar;E:\Maven\ideaMaven\com\github\pagehelper\pagehelper\5.1.11\pagehelper-5.1.11.jar;E:\Maven\ideaMaven\com\github\jsqlparser\jsqlparser\2.0\jsqlparser-2.0.jar;E:\Maven\ideaMaven\org\springframework\boot\spring-boot-starter-data-redis\2.1.7.RELEASE\spring-boot-starter-data-redis-2.1.7.RELEASE.jar;E:\Maven\ideaMaven\org\springframework\data\spring-data-redis\2.1.10.RELEASE\spring-data-redis-2.1.10.RELEASE.jar;E:\Maven\ideaMaven\org\springframework\data\spring-data-keyvalue\2.1.10.RELEASE\spring-data-keyvalue-2.1.10.RELEASE.jar;E:\Maven\ideaMaven\org\springframework\data\spring-data-commons\2.1.10.RELEASE\spring-data-commons-2.1.10.RELEASE.jar;E:\Maven\ideaMaven\org\springframework\spring-tx\5.1.9.RELEASE\spring-tx-5.1.9.RELEASE.jar;E:\Maven\ideaMaven\org\springframework\spring-oxm\5.1.9.RELEASE\spring-oxm-5.1.9.RELEASE.jar;E:\Maven\ideaMaven\io\lettuce\lettuce-core\5.1.8.RELEASE\lettuce-core-5.1.8.RELEASE.jar;E:\Maven\ideaMaven\io\netty\netty-common\4.1.38.Final\netty-common-4.1.38.Final.jar;E:\Maven\ideaMaven\io\netty\netty-handler\4.1.38.Final\netty-handler-4.1.38.Final.jar;E:\Maven\ideaMaven\io\netty\netty-buffer\4.1.38.Final\netty-buffer-4.1.38.Final.jar;E:\Maven\ideaMaven\io\netty\netty-codec\4.1.38.Final\netty-codec-4.1.38.Final.jar;E:\Maven\ideaMaven\io\netty\netty-transport\4.1.38.Final\netty-transport-4.1.38.Final.jar;E:\Maven\ideaMaven\io\netty\netty-resolver\4.1.38.Final\netty-resolver-4.1.38.Final.jar;E:\Maven\ideaMaven\io\projectreactor\reactor-core\3.2.11.RELEASE\reactor-core-3.2.11.RELEASE.jar;E:\Maven\ideaMaven\org\reactivestreams\reactive-streams\1.0.2\reactive-streams-1.0.2.jar;E:\Maven\ideaMaven\com\google\code\gson\gson\2.8.5\gson-2.8.5.jar;E:\Maven\ideaMaven\org\springframework\boot\spring-boot-starter-amqp\2.1.7.RELEASE\spring-boot-starter-amqp-2.1.7.RELEASE.jar;E:\Maven\ideaMaven\org\springframework\spring-messaging\5.1.9.RELEASE\spring-messaging-5.1.9.RELEASE.jar;E:\Maven\ideaMaven\org\springframework\amqp\spring-rabbit\2.1.8.RELEASE\spring-rabbit-2.1.8.RELEASE.jar;E:\Maven\ideaMaven\org\springframework\amqp\spring-amqp\2.1.8.RELEASE\spring-amqp-2.1.8.RELEASE.jar;E:\Maven\ideaMaven\org\springframework\retry\spring-retry\1.2.4.RELEASE\spring-retry-1.2.4.RELEASE.jar;E:\Maven\ideaMaven\com\rabbitmq\amqp-client\5.4.3\amqp-client-5.4.3.jar;E:\Maven\ideaMaven\cn\springboot\best-pay-sdk\1.3.0\best-pay-sdk-1.3.0.jar;E:\Maven\ideaMaven\org\apache\commons\commons-lang3\3.8.1\commons-lang3-3.8.1.jar;E:\Maven\ideaMaven\org\apache\httpcomponents\httpclient\4.5.9\httpclient-4.5.9.jar;E:\Maven\ideaMaven\org\apache\httpcomponents\httpcore\4.4.11\httpcore-4.4.11.jar;E:\Maven\ideaMaven\commons-codec\commons-codec\1.11\commons-codec-1.11.jar;E:\Maven\ideaMaven\org\glassfish\jersey\core\jersey-client\2.27\jersey-client-2.27.jar;E:\Maven\ideaMaven\javax\ws\rs\javax.ws.rs-api\2.1\javax.ws.rs-api-2.1.jar;E:\Maven\ideaMaven\org\glassfish\jersey\core\jersey-common\2.27\jersey-common-2.27.jar;E:\Maven\ideaMaven\org\glassfish\hk2\osgi-resource-locator\1.0.1\osgi-resource-locator-1.0.1.jar;E:\Maven\ideaMaven\org\glassfish\hk2\external\javax.inject\2.5.0-b42\javax.inject-2.5.0-b42.jar;E:\Maven\ideaMaven\org\glassfish\jersey\connectors\jersey-apache-connector\2.27\jersey-apache-connector-2.27.jar;E:\Maven\ideaMaven\com\fasterxml\jackson\core\jackson-core\2.9.9\jackson-core-2.9.9.jar;E:\Maven\ideaMaven\com\fasterxml\jackson\core\jackson-databind\2.9.9\jackson-databind-2.9.9.jar;E:\Maven\ideaMaven\com\fasterxml\jackson\core\jackson-annotations\2.9.0\jackson-annotations-2.9.0.jar;E:\Maven\ideaMaven\org\slf4j\slf4j-api\1.7.26\slf4j-api-1.7.26.jar;E:\Maven\ideaMaven\joda-time\joda-time\2.10.3\joda-time-2.10.3.jar;E:\Maven\ideaMaven\com\squareup\retrofit2\retrofit\2.3.0\retrofit-2.3.0.jar;E:\Maven\ideaMaven\com\squareup\okhttp3\okhttp\3.8.0\okhttp-3.8.0.jar;E:\Maven\ideaMaven\com\squareup\okio\okio\1.13.0\okio-1.13.0.jar;E:\Maven\ideaMaven\com\squareup\retrofit2\converter-simplexml\2.3.0\converter-simplexml-2.3.0.jar;E:\Maven\ideaMaven\org\simpleframework\simple-xml\2.7.1\simple-xml-2.7.1.jar;E:\Maven\ideaMaven\stax\stax-api\1.0.1\stax-api-1.0.1.jar;E:\Maven\ideaMaven\stax\stax\1.2.0\stax-1.2.0.jar;E:\Maven\ideaMaven\xpp3\xpp3\1.1.3.3\xpp3-1.1.3.3.jar;E:\Maven\ideaMaven\com\squareup\retrofit2\converter-gson\2.3.0\converter-gson-2.3.0.jar;E:\Maven\ideaMaven\com\squareup\okhttp3\logging-interceptor\3.8.0\logging-interceptor-3.8.0.jar;E:\Maven\ideaMaven\org\bouncycastle\bcprov-jdk15on\1.59\bcprov-jdk15on-1.59.jar;E:\Maven\ideaMaven\org\springframework\boot\spring-boot-starter-freemarker\2.1.7.RELEASE\spring-boot-starter-freemarker-2.1.7.RELEASE.jar;E:\Maven\ideaMaven\org\freemarker\freemarker\2.3.28\freemarker-2.3.28.jar;E:\Maven\ideaMaven\org\springframework\spring-context-support\5.1.9.RELEASE\spring-context-support-5.1.9.RELEASE.jar;E:\Maven\ideaMaven\com\google\guava\guava\20.0\guava-20.0.jar;E:\Maven\ideaMaven\commons-net\commons-net\3.1\commons-net-3.1.jar;"/>
    <property name="java.vm.vendor" value="Oracle Corporation"/>
    <property name="sun.arch.data.model" value="64"/>
    <property name="user.variant" value=""/>
    <property name="java.vendor.url" value="http://java.oracle.com/"/>
    <property name="user.timezone" value="Asia/Shanghai"/>
    <property name="java.vm.specification.version" value="1.8"/>
    <property name="os.name" value="Windows 7"/>
    <property name="user.country" value="CN"/>
    <property name="sun.java.launcher" value="SUN_STANDARD"/>
    <property name="sun.boot.library.path" value="C:\Program Files\Java\jdk1.8.0_191\jre\bin"/>
    <property name="sun.java.command" value="C:\Users\ADMINI~1\AppData\Local\Temp\surefire6012070015051600295\surefirebooter8888866628681850994.jar C:\Users\Administrator\AppData\Local\Temp\surefire6012070015051600295 2020-03-21T00-24-12_937-jvmRun1 surefire7505218224469679664tmp surefire_01332209930270039616tmp"/>
    <property name="surefire.test.class.path" value="D:\Work\market\target\test-classes;D:\Work\market\target\classes;E:\Maven\ideaMaven\javax\servlet\jstl\1.2\jstl-1.2.jar;E:\Maven\ideaMaven\org\springframework\boot\spring-boot-starter-tomcat\2.1.7.RELEASE\spring-boot-starter-tomcat-2.1.7.RELEASE.jar;E:\Maven\ideaMaven\javax\annotation\javax.annotation-api\1.3.2\javax.annotation-api-1.3.2.jar;E:\Maven\ideaMaven\org\apache\tomcat\embed\tomcat-embed-core\9.0.22\tomcat-embed-core-9.0.22.jar;E:\Maven\ideaMaven\org\apache\tomcat\embed\tomcat-embed-el\9.0.22\tomcat-embed-el-9.0.22.jar;E:\Maven\ideaMaven\org\apache\tomcat\embed\tomcat-embed-websocket\9.0.22\tomcat-embed-websocket-9.0.22.jar;E:\Maven\ideaMaven\org\apache\tomcat\embed\tomcat-embed-jasper\9.0.22\tomcat-embed-jasper-9.0.22.jar;E:\Maven\ideaMaven\org\eclipse\jdt\ecj\3.18.0\ecj-3.18.0.jar;E:\Maven\ideaMaven\org\springframework\boot\spring-boot-starter-web\2.1.7.RELEASE\spring-boot-starter-web-2.1.7.RELEASE.jar;E:\Maven\ideaMaven\org\springframework\boot\spring-boot-starter\2.1.7.RELEASE\spring-boot-starter-2.1.7.RELEASE.jar;E:\Maven\ideaMaven\org\springframework\boot\spring-boot\2.1.7.RELEASE\spring-boot-2.1.7.RELEASE.jar;E:\Maven\ideaMaven\org\springframework\boot\spring-boot-autoconfigure\2.1.7.RELEASE\spring-boot-autoconfigure-2.1.7.RELEASE.jar;E:\Maven\ideaMaven\org\springframework\boot\spring-boot-starter-logging\2.1.7.RELEASE\spring-boot-starter-logging-2.1.7.RELEASE.jar;E:\Maven\ideaMaven\ch\qos\logback\logback-classic\1.2.3\logback-classic-1.2.3.jar;E:\Maven\ideaMaven\ch\qos\logback\logback-core\1.2.3\logback-core-1.2.3.jar;E:\Maven\ideaMaven\org\apache\logging\log4j\log4j-to-slf4j\2.11.2\log4j-to-slf4j-2.11.2.jar;E:\Maven\ideaMaven\org\apache\logging\log4j\log4j-api\2.11.2\log4j-api-2.11.2.jar;E:\Maven\ideaMaven\org\slf4j\jul-to-slf4j\1.7.26\jul-to-slf4j-1.7.26.jar;E:\Maven\ideaMaven\org\yaml\snakeyaml\1.23\snakeyaml-1.23.jar;E:\Maven\ideaMaven\org\springframework\boot\spring-boot-starter-json\2.1.7.RELEASE\spring-boot-starter-json-2.1.7.RELEASE.jar;E:\Maven\ideaMaven\com\fasterxml\jackson\datatype\jackson-datatype-jdk8\2.9.9\jackson-datatype-jdk8-2.9.9.jar;E:\Maven\ideaMaven\com\fasterxml\jackson\datatype\jackson-datatype-jsr310\2.9.9\jackson-datatype-jsr310-2.9.9.jar;E:\Maven\ideaMaven\com\fasterxml\jackson\module\jackson-module-parameter-names\2.9.9\jackson-module-parameter-names-2.9.9.jar;E:\Maven\ideaMaven\org\hibernate\validator\hibernate-validator\6.0.17.Final\hibernate-validator-6.0.17.Final.jar;E:\Maven\ideaMaven\javax\validation\validation-api\2.0.1.Final\validation-api-2.0.1.Final.jar;E:\Maven\ideaMaven\org\jboss\logging\jboss-logging\3.3.2.Final\jboss-logging-3.3.2.Final.jar;E:\Maven\ideaMaven\com\fasterxml\classmate\1.4.0\classmate-1.4.0.jar;E:\Maven\ideaMaven\org\springframework\spring-web\5.1.9.RELEASE\spring-web-5.1.9.RELEASE.jar;E:\Maven\ideaMaven\org\springframework\spring-beans\5.1.9.RELEASE\spring-beans-5.1.9.RELEASE.jar;E:\Maven\ideaMaven\org\springframework\spring-webmvc\5.1.9.RELEASE\spring-webmvc-5.1.9.RELEASE.jar;E:\Maven\ideaMaven\org\springframework\spring-aop\5.1.9.RELEASE\spring-aop-5.1.9.RELEASE.jar;E:\Maven\ideaMaven\org\springframework\spring-context\5.1.9.RELEASE\spring-context-5.1.9.RELEASE.jar;E:\Maven\ideaMaven\org\springframework\spring-expression\5.1.9.RELEASE\spring-expression-5.1.9.RELEASE.jar;E:\Maven\ideaMaven\org\springframework\boot\spring-boot-starter-test\2.1.7.RELEASE\spring-boot-starter-test-2.1.7.RELEASE.jar;E:\Maven\ideaMaven\org\springframework\boot\spring-boot-test\2.1.7.RELEASE\spring-boot-test-2.1.7.RELEASE.jar;E:\Maven\ideaMaven\org\springframework\boot\spring-boot-test-autoconfigure\2.1.7.RELEASE\spring-boot-test-autoconfigure-2.1.7.RELEASE.jar;E:\Maven\ideaMaven\com\jayway\jsonpath\json-path\2.4.0\json-path-2.4.0.jar;E:\Maven\ideaMaven\net\minidev\json-smart\2.3\json-smart-2.3.jar;E:\Maven\ideaMaven\net\minidev\accessors-smart\1.2\accessors-smart-1.2.jar;E:\Maven\ideaMaven\org\ow2\asm\asm\5.0.4\asm-5.0.4.jar;E:\Maven\ideaMaven\junit\junit\4.12\junit-4.12.jar;E:\Maven\ideaMaven\org\assertj\assertj-core\3.11.1\assertj-core-3.11.1.jar;E:\Maven\ideaMaven\org\mockito\mockito-core\2.23.4\mockito-core-2.23.4.jar;E:\Maven\ideaMaven\net\bytebuddy\byte-buddy\1.9.16\byte-buddy-1.9.16.jar;E:\Maven\ideaMaven\net\bytebuddy\byte-buddy-agent\1.9.16\byte-buddy-agent-1.9.16.jar;E:\Maven\ideaMaven\org\objenesis\objenesis\2.6\objenesis-2.6.jar;E:\Maven\ideaMaven\org\hamcrest\hamcrest-core\1.3\hamcrest-core-1.3.jar;E:\Maven\ideaMaven\org\hamcrest\hamcrest-library\1.3\hamcrest-library-1.3.jar;E:\Maven\ideaMaven\org\skyscreamer\jsonassert\1.5.0\jsonassert-1.5.0.jar;E:\Maven\ideaMaven\com\vaadin\external\google\android-json\0.0.20131108.vaadin1\android-json-0.0.20131108.vaadin1.jar;E:\Maven\ideaMaven\org\springframework\spring-core\5.1.9.RELEASE\spring-core-5.1.9.RELEASE.jar;E:\Maven\ideaMaven\org\springframework\spring-jcl\5.1.9.RELEASE\spring-jcl-5.1.9.RELEASE.jar;E:\Maven\ideaMaven\org\springframework\spring-test\5.1.9.RELEASE\spring-test-5.1.9.RELEASE.jar;E:\Maven\ideaMaven\org\xmlunit\xmlunit-core\2.6.3\xmlunit-core-2.6.3.jar;E:\Maven\ideaMaven\org\springframework\boot\spring-boot-starter-thymeleaf\2.1.7.RELEASE\spring-boot-starter-thymeleaf-2.1.7.RELEASE.jar;E:\Maven\ideaMaven\org\thymeleaf\thymeleaf-spring5\3.0.11.RELEASE\thymeleaf-spring5-3.0.11.RELEASE.jar;E:\Maven\ideaMaven\org\thymeleaf\thymeleaf\3.0.11.RELEASE\thymeleaf-3.0.11.RELEASE.jar;E:\Maven\ideaMaven\org\attoparser\attoparser\2.0.5.RELEASE\attoparser-2.0.5.RELEASE.jar;E:\Maven\ideaMaven\org\unbescape\unbescape\1.1.6.RELEASE\unbescape-1.1.6.RELEASE.jar;E:\Maven\ideaMaven\org\thymeleaf\extras\thymeleaf-extras-java8time\3.0.4.RELEASE\thymeleaf-extras-java8time-3.0.4.RELEASE.jar;E:\Maven\ideaMaven\mysql\mysql-connector-java\8.0.17\mysql-connector-java-8.0.17.jar;E:\Maven\ideaMaven\org\mybatis\spring\boot\mybatis-spring-boot-starter\2.1.0\mybatis-spring-boot-starter-2.1.0.jar;E:\Maven\ideaMaven\org\springframework\boot\spring-boot-starter-jdbc\2.1.7.RELEASE\spring-boot-starter-jdbc-2.1.7.RELEASE.jar;E:\Maven\ideaMaven\com\zaxxer\HikariCP\3.2.0\HikariCP-3.2.0.jar;E:\Maven\ideaMaven\org\springframework\spring-jdbc\5.1.9.RELEASE\spring-jdbc-5.1.9.RELEASE.jar;E:\Maven\ideaMaven\org\mybatis\spring\boot\mybatis-spring-boot-autoconfigure\2.1.0\mybatis-spring-boot-autoconfigure-2.1.0.jar;E:\Maven\ideaMaven\org\mybatis\mybatis\3.5.2\mybatis-3.5.2.jar;E:\Maven\ideaMaven\org\mybatis\mybatis-spring\2.0.2\mybatis-spring-2.0.2.jar;E:\Maven\ideaMaven\org\projectlombok\lombok\1.18.8\lombok-1.18.8.jar;E:\Maven\ideaMaven\com\github\pagehelper\pagehelper-spring-boot-starter\1.2.13\pagehelper-spring-boot-starter-1.2.13.jar;E:\Maven\ideaMaven\com\github\pagehelper\pagehelper-spring-boot-autoconfigure\1.2.13\pagehelper-spring-boot-autoconfigure-1.2.13.jar;E:\Maven\ideaMaven\com\github\pagehelper\pagehelper\5.1.11\pagehelper-5.1.11.jar;E:\Maven\ideaMaven\com\github\jsqlparser\jsqlparser\2.0\jsqlparser-2.0.jar;E:\Maven\ideaMaven\org\springframework\boot\spring-boot-starter-data-redis\2.1.7.RELEASE\spring-boot-starter-data-redis-2.1.7.RELEASE.jar;E:\Maven\ideaMaven\org\springframework\data\spring-data-redis\2.1.10.RELEASE\spring-data-redis-2.1.10.RELEASE.jar;E:\Maven\ideaMaven\org\springframework\data\spring-data-keyvalue\2.1.10.RELEASE\spring-data-keyvalue-2.1.10.RELEASE.jar;E:\Maven\ideaMaven\org\springframework\data\spring-data-commons\2.1.10.RELEASE\spring-data-commons-2.1.10.RELEASE.jar;E:\Maven\ideaMaven\org\springframework\spring-tx\5.1.9.RELEASE\spring-tx-5.1.9.RELEASE.jar;E:\Maven\ideaMaven\org\springframework\spring-oxm\5.1.9.RELEASE\spring-oxm-5.1.9.RELEASE.jar;E:\Maven\ideaMaven\io\lettuce\lettuce-core\5.1.8.RELEASE\lettuce-core-5.1.8.RELEASE.jar;E:\Maven\ideaMaven\io\netty\netty-common\4.1.38.Final\netty-common-4.1.38.Final.jar;E:\Maven\ideaMaven\io\netty\netty-handler\4.1.38.Final\netty-handler-4.1.38.Final.jar;E:\Maven\ideaMaven\io\netty\netty-buffer\4.1.38.Final\netty-buffer-4.1.38.Final.jar;E:\Maven\ideaMaven\io\netty\netty-codec\4.1.38.Final\netty-codec-4.1.38.Final.jar;E:\Maven\ideaMaven\io\netty\netty-transport\4.1.38.Final\netty-transport-4.1.38.Final.jar;E:\Maven\ideaMaven\io\netty\netty-resolver\4.1.38.Final\netty-resolver-4.1.38.Final.jar;E:\Maven\ideaMaven\io\projectreactor\reactor-core\3.2.11.RELEASE\reactor-core-3.2.11.RELEASE.jar;E:\Maven\ideaMaven\org\reactivestreams\reactive-streams\1.0.2\reactive-streams-1.0.2.jar;E:\Maven\ideaMaven\com\google\code\gson\gson\2.8.5\gson-2.8.5.jar;E:\Maven\ideaMaven\org\springframework\boot\spring-boot-starter-amqp\2.1.7.RELEASE\spring-boot-starter-amqp-2.1.7.RELEASE.jar;E:\Maven\ideaMaven\org\springframework\spring-messaging\5.1.9.RELEASE\spring-messaging-5.1.9.RELEASE.jar;E:\Maven\ideaMaven\org\springframework\amqp\spring-rabbit\2.1.8.RELEASE\spring-rabbit-2.1.8.RELEASE.jar;E:\Maven\ideaMaven\org\springframework\amqp\spring-amqp\2.1.8.RELEASE\spring-amqp-2.1.8.RELEASE.jar;E:\Maven\ideaMaven\org\springframework\retry\spring-retry\1.2.4.RELEASE\spring-retry-1.2.4.RELEASE.jar;E:\Maven\ideaMaven\com\rabbitmq\amqp-client\5.4.3\amqp-client-5.4.3.jar;E:\Maven\ideaMaven\cn\springboot\best-pay-sdk\1.3.0\best-pay-sdk-1.3.0.jar;E:\Maven\ideaMaven\org\apache\commons\commons-lang3\3.8.1\commons-lang3-3.8.1.jar;E:\Maven\ideaMaven\org\apache\httpcomponents\httpclient\4.5.9\httpclient-4.5.9.jar;E:\Maven\ideaMaven\org\apache\httpcomponents\httpcore\4.4.11\httpcore-4.4.11.jar;E:\Maven\ideaMaven\commons-codec\commons-codec\1.11\commons-codec-1.11.jar;E:\Maven\ideaMaven\org\glassfish\jersey\core\jersey-client\2.27\jersey-client-2.27.jar;E:\Maven\ideaMaven\javax\ws\rs\javax.ws.rs-api\2.1\javax.ws.rs-api-2.1.jar;E:\Maven\ideaMaven\org\glassfish\jersey\core\jersey-common\2.27\jersey-common-2.27.jar;E:\Maven\ideaMaven\org\glassfish\hk2\osgi-resource-locator\1.0.1\osgi-resource-locator-1.0.1.jar;E:\Maven\ideaMaven\org\glassfish\hk2\external\javax.inject\2.5.0-b42\javax.inject-2.5.0-b42.jar;E:\Maven\ideaMaven\org\glassfish\jersey\connectors\jersey-apache-connector\2.27\jersey-apache-connector-2.27.jar;E:\Maven\ideaMaven\com\fasterxml\jackson\core\jackson-core\2.9.9\jackson-core-2.9.9.jar;E:\Maven\ideaMaven\com\fasterxml\jackson\core\jackson-databind\2.9.9\jackson-databind-2.9.9.jar;E:\Maven\ideaMaven\com\fasterxml\jackson\core\jackson-annotations\2.9.0\jackson-annotations-2.9.0.jar;E:\Maven\ideaMaven\org\slf4j\slf4j-api\1.7.26\slf4j-api-1.7.26.jar;E:\Maven\ideaMaven\joda-time\joda-time\2.10.3\joda-time-2.10.3.jar;E:\Maven\ideaMaven\com\squareup\retrofit2\retrofit\2.3.0\retrofit-2.3.0.jar;E:\Maven\ideaMaven\com\squareup\okhttp3\okhttp\3.8.0\okhttp-3.8.0.jar;E:\Maven\ideaMaven\com\squareup\okio\okio\1.13.0\okio-1.13.0.jar;E:\Maven\ideaMaven\com\squareup\retrofit2\converter-simplexml\2.3.0\converter-simplexml-2.3.0.jar;E:\Maven\ideaMaven\org\simpleframework\simple-xml\2.7.1\simple-xml-2.7.1.jar;E:\Maven\ideaMaven\stax\stax-api\1.0.1\stax-api-1.0.1.jar;E:\Maven\ideaMaven\stax\stax\1.2.0\stax-1.2.0.jar;E:\Maven\ideaMaven\xpp3\xpp3\1.1.3.3\xpp3-1.1.3.3.jar;E:\Maven\ideaMaven\com\squareup\retrofit2\converter-gson\2.3.0\converter-gson-2.3.0.jar;E:\Maven\ideaMaven\com\squareup\okhttp3\logging-interceptor\3.8.0\logging-interceptor-3.8.0.jar;E:\Maven\ideaMaven\org\bouncycastle\bcprov-jdk15on\1.59\bcprov-jdk15on-1.59.jar;E:\Maven\ideaMaven\org\springframework\boot\spring-boot-starter-freemarker\2.1.7.RELEASE\spring-boot-starter-freemarker-2.1.7.RELEASE.jar;E:\Maven\ideaMaven\org\freemarker\freemarker\2.3.28\freemarker-2.3.28.jar;E:\Maven\ideaMaven\org\springframework\spring-context-support\5.1.9.RELEASE\spring-context-support-5.1.9.RELEASE.jar;E:\Maven\ideaMaven\com\google\guava\guava\20.0\guava-20.0.jar;E:\Maven\ideaMaven\commons-net\commons-net\3.1\commons-net-3.1.jar;"/>
    <property name="sun.cpu.endian" value="little"/>
    <property name="user.home" value="C:\Users\Administrator"/>
    <property name="user.language" value="zh"/>
    <property name="java.specification.vendor" value="Oracle Corporation"/>
    <property name="java.home" value="C:\Program Files\Java\jdk1.8.0_191\jre"/>
    <property name="basedir" value="D:\Work\market"/>
    <property name="file.separator" value="\"/>
    <property name="line.separator" value="&#10;"/>
    <property name="java.vm.specification.vendor" value="Oracle Corporation"/>
    <property name="java.specification.name" value="Java Platform API Specification"/>
    <property name="java.awt.graphicsenv" value="sun.awt.Win32GraphicsEnvironment"/>
    <property name="surefire.real.class.path" value="C:\Users\ADMINI~1\AppData\Local\Temp\surefire6012070015051600295\surefirebooter8888866628681850994.jar"/>
    <property name="sun.boot.class.path" value="C:\Program Files\Java\jdk1.8.0_191\jre\lib\resources.jar;C:\Program Files\Java\jdk1.8.0_191\jre\lib\rt.jar;C:\Program Files\Java\jdk1.8.0_191\jre\lib\sunrsasign.jar;C:\Program Files\Java\jdk1.8.0_191\jre\lib\jsse.jar;C:\Program Files\Java\jdk1.8.0_191\jre\lib\jce.jar;C:\Program Files\Java\jdk1.8.0_191\jre\lib\charsets.jar;C:\Program Files\Java\jdk1.8.0_191\jre\lib\jfr.jar;C:\Program Files\Java\jdk1.8.0_191\jre\classes"/>
    <property name="user.script" value=""/>
    <property name="sun.management.compiler" value="HotSpot 64-Bit Tiered Compilers"/>
    <property name="java.runtime.version" value="1.8.0_191-b12"/>
    <property name="user.name" value="Administrator"/>
    <property name="path.separator" value=";"/>
    <property name="os.version" value="6.1"/>
    <property name="java.endorsed.dirs" value="C:\Program Files\Java\jdk1.8.0_191\jre\lib\endorsed"/>
    <property name="java.runtime.name" value="Java(TM) SE Runtime Environment"/>
    <property name="file.encoding" value="GBK"/>
    <property name="java.vm.name" value="Java HotSpot(TM) 64-Bit Server VM"/>
    <property name="localRepository" value="E:\Maven\ideaMaven"/>
    <property name="java.vendor.url.bug" value="http://bugreport.sun.com/bugreport/"/>
    <property name="java.io.tmpdir" value="C:\Users\ADMINI~1\AppData\Local\Temp\"/>
    <property name="java.version" value="1.8.0_191"/>
    <property name="user.dir" value="D:\Work\market"/>
    <property name="os.arch" value="amd64"/>
    <property name="java.vm.specification.name" value="Java Virtual Machine Specification"/>
    <property name="java.awt.printerjob" value="sun.awt.windows.WPrinterJob"/>
    <property name="sun.os.patch.level" value="Service Pack 1"/>
    <property name="idea.version2019.2" value="true"/>
    <property name="java.library.path" value="C:\Program Files\Java\jdk1.8.0_191\jre\bin;C:\windows\Sun\Java\bin;C:\windows\system32;C:\windows;D:\Program Files\JetBrainss\IntelliJ IDEA 2019.2\jbr\\bin;D:\Program Files\JetBrainss\IntelliJ IDEA 2019.2\jbr\\bin\server;D:\Program Files (x86)\NetSarang\Xftp 6\;C:\Program Files (x86)\Common Files\Oracle\Java\javapath;C:\windows\system32;C:\windows;C:\windows\System32\Wbem;C:\windows\System32\WindowsPowerShell\v1.0\;C:\Program Files\Java\jre1.8.0_191\bin;C:\Program Files\Java\jre1.8.0_191\jre\bin;D:\programs\myridb\bin;D:\programs\apache-maven-3.6.1\apache-maven-3.6.1\bin;d:\Program Files\Git\cmd;D:\Program Files\nodejs\;D:\Program Files\erl10.0.1\bin;D:\Program Files\RabbitMQ Server\rabbitmq_server-3.7.8\sbin;C:\Users\Administrator\Downloads\zookeeper-3.4.12\zookeeper-3.4.12\bin;D:\Program Files\nodejs;D:\Program Files\nodejs\node_global;d:\Program Files\JetBrains\IntelliJ IDEA 2018.3\bin;;D:\programs\apache-tomcat-7.0.78-windows-x64\apache-tomcat-7.0.78\bin;C:\Users\Administrator\AppData\Roaming\npm;D:\Program Files\erl10.0.1\bin;;."/>
    <property name="java.vm.info" value="mixed mode"/>
    <property name="java.vendor" value="Oracle Corporation"/>
    <property name="java.vm.version" value="25.191-b12"/>
    <property name="java.ext.dirs" value="C:\Program Files\Java\jdk1.8.0_191\jre\lib\ext;C:\windows\Sun\Java\lib\ext"/>
    <property name="sun.io.unicode.encoding" value="UnicodeLittle"/>
    <property name="maven.repo.local" value="E:\Maven\ideaMaven"/>
    <property name="java.class.version" value="52.0"/>
  </properties>
  <testcase name="mush" classname="com.imooc.demo.service.BigDecimalTest" time="0"/>
</testsuite>